1. Sort input.txt
2. Test time
Choose an operation: 1

      Insertion Sort complete!
          Merge Sort complete!
          Quick Sort complete!
    Qsort (stdlib.h) complete!
    sort (algorithm) complete!
    

1. Sort input.txt
2. Test time
Choose an operation: 2

                Insertion Sort          Merge Sort          Quick Sort    Qsort (stdlib.h)    sort (algorithm)
100                   0.000005            0.000010            0.000004            0.000004            0.000003
500                   0.000115            0.000055            0.000028            0.000043            0.000013
1000                  0.000466            0.000111            0.000062            0.000059            0.000029
5000                  0.010805            0.000672            0.000386            0.000351            0.000186
10000                 0.042978            0.001451            0.000839            0.000772            0.000390
50000                 1.040848            0.008172            0.004939            0.004280            0.002304
100000                4.413374            0.017443            0.010511            0.009011            0.005037
500000              111.036291            0.093332            0.057339            0.049386            0.027945